INFO:__main__:🤖 KITE AUTO SYSTEM STARTED
INFO:__main__:✅ Kite connected: Indarapu Dathatraya Rao
INFO:__main__:🚀 Kite trading started
INFO:__main__:📊 NIFTY: ₹25170.05 (+0.49%) - Momentum: 0.49%
INFO:__main__:📊 BANKNIFTY: ₹56241.9 (+0.40%) - Momentum: 0.40%
INFO:__main__:📊 SENSEX: ₹82103.51 (+0.40%) - Momentum: 0.40%
INFO:__main__:📊 FINNIFTY: ₹26736.55 (+0.30%) - Momentum: 0.30%
INFO:__main__:📊 NIFTYIT: ₹35520.35 (+0.82%) - Momentum: 0.82%
INFO:__main__:📊 MIDCPNIFTY: ₹13013.05 (+0.79%) - Momentum: 0.79%
INFO:__main__:📊 BANKEX: ₹63295.14 (+0.39%) - Momentum: 0.39%
INFO:__main__:✅ LIVE Signal: NIFTY 80% - Spot: ₹25170.05 (+0.49%)
INFO:__main__:✅ LIVE Signal: BANKNIFTY 79% - Spot: ₹56241.9 (+0.40%)
INFO:__main__:✅ LIVE Signal: SENSEX 79% - Spot: ₹82103.51 (+0.40%)
INFO:__main__:✅ LIVE Signal: FINNIFTY 78% - Spot: ₹26736.55 (+0.30%)
INFO:__main__:✅ LIVE Signal: NIFTYIT 83% - Spot: ₹35520.35 (+0.82%)
INFO:__main__:✅ LIVE Signal: MIDCPNIFTY 83% - Spot: ₹13013.05 (+0.79%)
INFO:__main__:✅ LIVE Signal: BANKEX 79% - Spot: ₹63295.14 (+0.39%)
INFO:__main__:📊 NIFTY: ₹25127.2 (+0.32%) - Momentum: 0.32%
INFO:__main__:📊 BANKNIFTY: ₹56134.95 (+0.21%) - Momentum: 0.21%
INFO:__main__:📊 SENSEX: ₹81975.29 (+0.25%) - Momentum: 0.25%
INFO:__main__:📊 FINNIFTY: ₹26691.65 (+0.13%) - Momentum: 0.13%
INFO:__main__:📊 NIFTYIT: ₹35478.75 (+0.70%) - Momentum: 0.70%
INFO:__main__:📊 MIDCPNIFTY: ₹13011.65 (+0.78%) - Momentum: 0.78%
INFO:__main__:📊 BANKEX: ₹63190.94 (+0.22%) - Momentum: 0.22%
INFO:__main__:✅ LIVE Signal: NIFTY 78% - Spot: ₹25127.2 (+0.32%)
INFO:__main__:✅ LIVE Signal: NIFTYIT 82% - Spot: ₹35478.75 (+0.70%)
INFO:__main__:✅ LIVE Signal: MIDCPNIFTY 83% - Spot: ₹13011.65 (+0.78%)
INFO:__main__:📊 NIFTY: ₹25145.35 (+0.40%) - Momentum: 0.40%
INFO:__main__:📊 BANKNIFTY: ₹56161.65 (+0.26%) - Momentum: 0.26%
INFO:__main__:📊 SENSEX: ₹82038.24 (+0.32%) - Momentum: 0.32%
INFO:__main__:📊 FINNIFTY: ₹26704.35 (+0.18%) - Momentum: 0.18%
INFO:__main__:📊 NIFTYIT: ₹35517.05 (+0.81%) - Momentum: 0.81%
INFO:__main__:📊 MIDCPNIFTY: ₹13020.45 (+0.85%) - Momentum: 0.85%
INFO:__main__:📊 BANKEX: ₹63221.86 (+0.27%) - Momentum: 0.27%
INFO:__main__:✅ LIVE Signal: NIFTY 79% - Spot: ₹25145.35 (+0.40%)
INFO:__main__:✅ LIVE Signal: BANKNIFTY 78% - Spot: ₹56161.65 (+0.26%)
INFO:__main__:✅ LIVE Signal: SENSEX 78% - Spot: ₹82038.24 (+0.32%)
INFO:__main__:✅ LIVE Signal: NIFTYIT 83% - Spot: ₹35517.05 (+0.81%)
INFO:__main__:✅ LIVE Signal: MIDCPNIFTY 84% - Spot: ₹13020.45 (+0.85%)
INFO:__main__:✅ LIVE Signal: BANKEX 78% - Spot: ₹63221.86 (+0.27%)
INFO:__main__:📊 NIFTY: ₹25157.15 (+0.44%) - Momentum: 0.44%
INFO:__main__:📊 BANKNIFTY: ₹56183.5 (+0.29%) - Momentum: 0.29%
INFO:__main__:📊 SENSEX: ₹82084.6 (+0.38%) - Momentum: 0.38%
INFO:__main__:📊 FINNIFTY: ₹26717.5 (+0.23%) - Momentum: 0.23%
INFO:__main__:📊 NIFTYIT: ₹35616.95 (+1.09%) - Momentum: 1.09%
INFO:__main__:📊 MIDCPNIFTY: ₹13024.85 (+0.88%) - Momentum: 0.88%
INFO:__main__:📊 BANKEX: ₹63252.74 (+0.32%) - Momentum: 0.32%
INFO:__main__:✅ LIVE Signal: NIFTY 79% - Spot: ₹25157.15 (+0.44%)
INFO:__main__:✅ LIVE Signal: BANKNIFTY 78% - Spot: ₹56183.5 (+0.29%)
INFO:__main__:✅ LIVE Signal: SENSEX 79% - Spot: ₹82084.6 (+0.38%)
INFO:__main__:✅ LIVE Signal: NIFTYIT 86% - Spot: ₹35616.95 (+1.09%)
INFO:__main__:✅ LIVE Signal: MIDCPNIFTY 84% - Spot: ₹13024.85 (+0.88%)
INFO:__main__:✅ LIVE Signal: BANKEX 78% - Spot: ₹63252.74 (+0.32%)
INFO:__main__:📊 NIFTY: ₹25161.15 (+0.46%) - Momentum: 0.46%
INFO:__main__:📊 BANKNIFTY: ₹56171.95 (+0.27%) - Momentum: 0.27%
INFO:__main__:📊 SENSEX: ₹82072.48 (+0.37%) - Momentum: 0.37%
INFO:__main__:📊 FINNIFTY: ₹26709.6 (+0.20%) - Momentum: 0.20%
INFO:__main__:📊 NIFTYIT: ₹35613.75 (+1.08%) - Momentum: 1.08%
INFO:__main__:📊 MIDCPNIFTY: ₹13021.8 (+0.86%) - Momentum: 0.86%
INFO:__main__:📊 BANKEX: ₹63230.92 (+0.28%) - Momentum: 0.28%
INFO:__main__:✅ LIVE Signal: NIFTY 80% - Spot: ₹25161.15 (+0.46%)
INFO:__main__:✅ LIVE Signal: BANKNIFTY 78% - Spot: ₹56171.95 (+0.27%)
INFO:__main__:✅ LIVE Signal: SENSEX 79% - Spot: ₹82072.48 (+0.37%)
INFO:__main__:✅ LIVE Signal: NIFTYIT 86% - Spot: ₹35613.75 (+1.08%)
INFO:__main__:📊 NIFTY: ₹25185.9 (+0.56%) - Momentum: 0.56%
INFO:__main__:📊 BANKNIFTY: ₹56191.8 (+0.31%) - Momentum: 0.31%
INFO:__main__:📊 SENSEX: ₹82179.54 (+0.50%) - Momentum: 0.50%
INFO:__main__:📊 FINNIFTY: ₹26725.15 (+0.26%) - Momentum: 0.26%
INFO:__main__:📊 NIFTYIT: ₹35639.1 (+1.15%) - Momentum: 1.15%
INFO:__main__:📊 MIDCPNIFTY: ₹13035.3 (+0.97%) - Momentum: 0.97%
INFO:__main__:📊 BANKEX: ₹63244.7 (+0.31%) - Momentum: 0.31%
INFO:__main__:✅ LIVE Signal: NIFTY 81% - Spot: ₹25185.9 (+0.56%)
INFO:__main__:✅ LIVE Signal: BANKNIFTY 78% - Spot: ₹56191.8 (+0.31%)
INFO:__main__:✅ LIVE Signal: SENSEX 80% - Spot: ₹82179.54 (+0.50%)
INFO:__main__:✅ LIVE Signal: FINNIFTY 78% - Spot: ₹26725.15 (+0.26%)
INFO:__main__:🛑 Kite trading stopped
