INFO:__main__:🤖 KITE AUTO SYSTEM STARTED
INFO:__main__:✅ Kite connected: Indarapu Dathatraya Rao
INFO:__main__:🚀 Kite trading started
INFO:__main__:📊 NIFTY: ₹25140.5 (+0.38%) - Momentum: 0.38%
INFO:__main__:📊 BANKNIFTY: ₹56170.05 (+0.27%) - Momentum: 0.27%
INFO:__main__:📊 SENSEX: ₹82004.14 (+0.28%) - Momentum: 0.28%
INFO:__main__:📊 FINNIFTY: ₹26703.7 (+0.18%) - Momentum: 0.18%
INFO:__main__:📊 NIFTYIT: ₹35476.6 (+0.69%) - Momentum: 0.69%
INFO:__main__:📊 MIDCPNIFTY: ₹13009.45 (+0.77%) - Momentum: 0.77%
INFO:__main__:📊 BANKEX: ₹63190.92 (+0.22%) - Momentum: 0.22%
INFO:__main__:✅ LIVE Signal: NIFTY 79% - Spot: ₹25140.5 (+0.38%)
INFO:__main__:✅ LIVE Signal: BANKNIFTY 78% - Spot: ₹56170.05 (+0.27%)
INFO:__main__:✅ LIVE Signal: SENSEX 78% - Spot: ₹82004.14 (+0.28%)
INFO:__main__:✅ LIVE Signal: NIFTYIT 82% - Spot: ₹35476.6 (+0.69%)
INFO:__main__:✅ LIVE Signal: MIDCPNIFTY 83% - Spot: ₹13009.45 (+0.77%)
INFO:__main__:📊 NIFTY: ₹25156.5 (+0.44%) - Momentum: 0.44%
INFO:__main__:📊 BANKNIFTY: ₹56198.25 (+0.32%) - Momentum: 0.32%
INFO:__main__:📊 SENSEX: ₹82075.3 (+0.37%) - Momentum: 0.37%
INFO:__main__:📊 FINNIFTY: ₹26724 (+0.25%) - Momentum: 0.25%
INFO:__main__:📊 NIFTYIT: ₹35497.25 (+0.75%) - Momentum: 0.75%
INFO:__main__:📊 MIDCPNIFTY: ₹13021.7 (+0.86%) - Momentum: 0.86%
INFO:__main__:📊 BANKEX: ₹63267.91 (+0.34%) - Momentum: 0.34%
INFO:__main__:✅ LIVE Signal: NIFTY 79% - Spot: ₹25156.5 (+0.44%)
INFO:__main__:✅ LIVE Signal: BANKNIFTY 78% - Spot: ₹56198.25 (+0.32%)
INFO:__main__:✅ LIVE Signal: SENSEX 79% - Spot: ₹82075.3 (+0.37%)
INFO:__main__:✅ LIVE Signal: NIFTYIT 82% - Spot: ₹35497.25 (+0.75%)
INFO:__main__:✅ LIVE Signal: MIDCPNIFTY 84% - Spot: ₹13021.7 (+0.86%)
INFO:__main__:✅ LIVE Signal: BANKEX 78% - Spot: ₹63267.91 (+0.34%)
INFO:__main__:📊 NIFTY: ₹25139.05 (+0.37%) - Momentum: 0.37%
INFO:__main__:📊 BANKNIFTY: ₹56150.4 (+0.24%) - Momentum: 0.24%
INFO:__main__:📊 SENSEX: ₹82018.07 (+0.30%) - Momentum: 0.30%
INFO:__main__:📊 FINNIFTY: ₹26697.2 (+0.15%) - Momentum: 0.15%
INFO:__main__:📊 NIFTYIT: ₹35539.35 (+0.87%) - Momentum: 0.87%
INFO:__main__:📊 MIDCPNIFTY: ₹13003.1 (+0.72%) - Momentum: 0.72%
INFO:__main__:📊 BANKEX: ₹63207.02 (+0.25%) - Momentum: 0.25%
INFO:__main__:✅ LIVE Signal: NIFTY 79% - Spot: ₹25139.05 (+0.37%)
INFO:__main__:✅ LIVE Signal: SENSEX 78% - Spot: ₹82018.07 (+0.30%)
INFO:__main__:✅ LIVE Signal: NIFTYIT 84% - Spot: ₹35539.35 (+0.87%)
INFO:__main__:✅ LIVE Signal: MIDCPNIFTY 82% - Spot: ₹13003.1 (+0.72%)
INFO:__main__:📊 NIFTY: ₹25139.95 (+0.37%) - Momentum: 0.37%
INFO:__main__:📊 BANKNIFTY: ₹56136.35 (+0.21%) - Momentum: 0.21%
INFO:__main__:📊 SENSEX: ₹82007.99 (+0.29%) - Momentum: 0.29%
INFO:__main__:📊 FINNIFTY: ₹26694.55 (+0.14%) - Momentum: 0.14%
INFO:__main__:📊 NIFTYIT: ₹35632.6 (+1.14%) - Momentum: 1.14%
INFO:__main__:📊 MIDCPNIFTY: ₹12996.3 (+0.66%) - Momentum: 0.66%
INFO:__main__:📊 BANKEX: ₹63185.35 (+0.21%) - Momentum: 0.21%
INFO:__main__:✅ LIVE Signal: NIFTY 79% - Spot: ₹25139.95 (+0.37%)
INFO:__main__:✅ LIVE Signal: SENSEX 78% - Spot: ₹82007.99 (+0.29%)
INFO:__main__:✅ LIVE Signal: NIFTYIT 86% - Spot: ₹35632.6 (+1.14%)
INFO:__main__:✅ LIVE Signal: MIDCPNIFTY 82% - Spot: ₹12996.3 (+0.66%)
INFO:__main__:📊 NIFTY: ₹25143.9 (+0.39%) - Momentum: 0.39%
INFO:__main__:📊 BANKNIFTY: ₹56119.7 (+0.18%) - Momentum: 0.18%
INFO:__main__:📊 SENSEX: ₹82007.53 (+0.29%) - Momentum: 0.29%
INFO:__main__:📊 FINNIFTY: ₹26697.1 (+0.15%) - Momentum: 0.15%
INFO:__main__:📊 NIFTYIT: ₹35610.65 (+1.07%) - Momentum: 1.07%
INFO:__main__:📊 MIDCPNIFTY: ₹13012.75 (+0.79%) - Momentum: 0.79%
INFO:__main__:📊 BANKEX: ₹63180.43 (+0.20%) - Momentum: 0.20%
INFO:__main__:✅ LIVE Signal: NIFTY 79% - Spot: ₹25143.9 (+0.39%)
INFO:__main__:✅ LIVE Signal: SENSEX 78% - Spot: ₹82007.53 (+0.29%)
INFO:__main__:✅ LIVE Signal: NIFTYIT 86% - Spot: ₹35610.65 (+1.07%)
INFO:__main__:✅ LIVE Signal: MIDCPNIFTY 83% - Spot: ₹13012.75 (+0.79%)
INFO:__main__:📊 NIFTY: ₹25120.8 (+0.30%) - Momentum: 0.30%
INFO:__main__:📊 BANKNIFTY: ₹56041.25 (+0.04%) - Momentum: 0.04%
INFO:__main__:📊 SENSEX: ₹81957.4 (+0.22%) - Momentum: 0.22%
INFO:__main__:📊 FINNIFTY: ₹26666.15 (+0.04%) - Momentum: 0.04%
INFO:__main__:📊 NIFTYIT: ₹35507.2 (+0.78%) - Momentum: 0.78%
INFO:__main__:📊 MIDCPNIFTY: ₹13006.65 (+0.74%) - Momentum: 0.74%
INFO:__main__:📊 BANKEX: ₹63104.57 (+0.08%) - Momentum: 0.08%
INFO:__main__:✅ LIVE Signal: NIFTY 78% - Spot: ₹25120.8 (+0.30%)
INFO:__main__:✅ LIVE Signal: NIFTYIT 83% - Spot: ₹35507.2 (+0.78%)
INFO:__main__:✅ LIVE Signal: MIDCPNIFTY 82% - Spot: ₹13006.65 (+0.74%)
INFO:__main__:📊 NIFTY: ₹25132.5 (+0.34%) - Momentum: 0.34%
INFO:__main__:📊 BANKNIFTY: ₹56110.75 (+0.17%) - Momentum: 0.17%
INFO:__main__:📊 SENSEX: ₹81994.3 (+0.27%) - Momentum: 0.27%
INFO:__main__:📊 FINNIFTY: ₹26692.6 (+0.14%) - Momentum: 0.14%
INFO:__main__:📊 NIFTYIT: ₹35498.85 (+0.76%) - Momentum: 0.76%
INFO:__main__:📊 MIDCPNIFTY: ₹13006.45 (+0.74%) - Momentum: 0.74%
INFO:__main__:📊 BANKEX: ₹63168.17 (+0.19%) - Momentum: 0.19%
INFO:__main__:✅ LIVE Signal: NIFTY 78% - Spot: ₹25132.5 (+0.34%)
INFO:__main__:✅ LIVE Signal: SENSEX 78% - Spot: ₹81994.3 (+0.27%)
INFO:__main__:✅ LIVE Signal: NIFTYIT 83% - Spot: ₹35498.85 (+0.76%)
INFO:__main__:✅ LIVE Signal: MIDCPNIFTY 82% - Spot: ₹13006.45 (+0.74%)
INFO:__main__:📊 NIFTY: ₹25148.9 (+0.41%) - Momentum: 0.41%
INFO:__main__:📊 BANKNIFTY: ₹56171.6 (+0.27%) - Momentum: 0.27%
INFO:__main__:📊 SENSEX: ₹82054.7 (+0.34%) - Momentum: 0.34%
INFO:__main__:📊 FINNIFTY: ₹26716.6 (+0.23%) - Momentum: 0.23%
INFO:__main__:📊 NIFTYIT: ₹35525.8 (+0.83%) - Momentum: 0.83%
INFO:__main__:📊 MIDCPNIFTY: ₹13011.65 (+0.78%) - Momentum: 0.78%
INFO:__main__:📊 BANKEX: ₹63230.77 (+0.28%) - Momentum: 0.28%
INFO:__main__:✅ LIVE Signal: NIFTY 79% - Spot: ₹25148.9 (+0.41%)
INFO:__main__:✅ LIVE Signal: BANKNIFTY 78% - Spot: ₹56171.6 (+0.27%)
INFO:__main__:✅ LIVE Signal: SENSEX 78% - Spot: ₹82054.7 (+0.34%)
INFO:__main__:✅ LIVE Signal: NIFTYIT 83% - Spot: ₹35525.8 (+0.83%)
INFO:__main__:✅ LIVE Signal: MIDCPNIFTY 83% - Spot: ₹13011.65 (+0.78%)
INFO:__main__:✅ LIVE Signal: BANKEX 78% - Spot: ₹63230.77 (+0.28%)
INFO:__main__:📊 NIFTY: ₹25161.75 (+0.46%) - Momentum: 0.46%
INFO:__main__:📊 BANKNIFTY: ₹56183.85 (+0.30%) - Momentum: 0.30%
INFO:__main__:📊 SENSEX: ₹82081.1 (+0.38%) - Momentum: 0.38%
INFO:__main__:📊 FINNIFTY: ₹26720.15 (+0.24%) - Momentum: 0.24%
INFO:__main__:📊 NIFTYIT: ₹35531.1 (+0.85%) - Momentum: 0.85%
INFO:__main__:📊 MIDCPNIFTY: ₹13012.85 (+0.79%) - Momentum: 0.79%
INFO:__main__:📊 BANKEX: ₹63232.67 (+0.29%) - Momentum: 0.29%
INFO:__main__:✅ LIVE Signal: NIFTY 80% - Spot: ₹25161.75 (+0.46%)
INFO:__main__:✅ LIVE Signal: BANKNIFTY 78% - Spot: ₹56183.85 (+0.30%)
INFO:__main__:✅ LIVE Signal: SENSEX 79% - Spot: ₹82081.1 (+0.38%)
INFO:__main__:✅ LIVE Signal: NIFTYIT 84% - Spot: ₹35531.1 (+0.85%)
INFO:__main__:✅ LIVE Signal: MIDCPNIFTY 83% - Spot: ₹13012.85 (+0.79%)
INFO:__main__:✅ LIVE Signal: BANKEX 78% - Spot: ₹63232.67 (+0.29%)
INFO:__main__:📊 NIFTY: ₹25167.8 (+0.49%) - Momentum: 0.49%
INFO:__main__:📊 BANKNIFTY: ₹56240.8 (+0.40%) - Momentum: 0.40%
INFO:__main__:📊 SENSEX: ₹82114.54 (+0.42%) - Momentum: 0.42%
INFO:__main__:📊 FINNIFTY: ₹26735.5 (+0.30%) - Momentum: 0.30%
INFO:__main__:📊 NIFTYIT: ₹35525.1 (+0.83%) - Momentum: 0.83%
INFO:__main__:📊 MIDCPNIFTY: ₹13012.7 (+0.79%) - Momentum: 0.79%
INFO:__main__:📊 BANKEX: ₹63302.06 (+0.40%) - Momentum: 0.40%
INFO:__main__:✅ LIVE Signal: NIFTY 80% - Spot: ₹25167.8 (+0.49%)
INFO:__main__:✅ LIVE Signal: BANKNIFTY 79% - Spot: ₹56240.8 (+0.40%)
INFO:__main__:✅ LIVE Signal: SENSEX 79% - Spot: ₹82114.54 (+0.42%)
INFO:__main__:✅ LIVE Signal: FINNIFTY 78% - Spot: ₹26735.5 (+0.30%)
INFO:__main__:✅ LIVE Signal: NIFTYIT 83% - Spot: ₹35525.1 (+0.83%)
INFO:__main__:📊 NIFTY: ₹25129.3 (+0.33%) - Momentum: 0.33%
INFO:__main__:📊 BANKNIFTY: ₹56149.8 (+0.23%) - Momentum: 0.23%
INFO:__main__:📊 SENSEX: ₹81999.18 (+0.28%) - Momentum: 0.28%
INFO:__main__:📊 FINNIFTY: ₹26700 (+0.16%) - Momentum: 0.16%
INFO:__main__:📊 NIFTYIT: ₹35485.25 (+0.72%) - Momentum: 0.72%
INFO:__main__:📊 MIDCPNIFTY: ₹13009.25 (+0.76%) - Momentum: 0.76%
INFO:__main__:📊 BANKEX: ₹63206.13 (+0.25%) - Momentum: 0.25%
INFO:__main__:✅ LIVE Signal: NIFTY 78% - Spot: ₹25129.3 (+0.33%)
INFO:__main__:✅ LIVE Signal: SENSEX 78% - Spot: ₹81999.18 (+0.28%)
INFO:__main__:✅ LIVE Signal: NIFTYIT 82% - Spot: ₹35485.25 (+0.72%)
INFO:__main__:✅ LIVE Signal: MIDCPNIFTY 83% - Spot: ₹13009.25 (+0.76%)
INFO:__main__:📊 NIFTY: ₹25144.75 (+0.39%) - Momentum: 0.39%
INFO:__main__:📊 BANKNIFTY: ₹56165.15 (+0.26%) - Momentum: 0.26%
INFO:__main__:📊 SENSEX: ₹82036.45 (+0.32%) - Momentum: 0.32%
INFO:__main__:📊 FINNIFTY: ₹26697.95 (+0.16%) - Momentum: 0.16%
INFO:__main__:📊 NIFTYIT: ₹35532.85 (+0.85%) - Momentum: 0.85%
INFO:__main__:📊 MIDCPNIFTY: ₹13016.45 (+0.82%) - Momentum: 0.82%
INFO:__main__:📊 BANKEX: ₹63213.83 (+0.26%) - Momentum: 0.26%
INFO:__main__:✅ LIVE Signal: NIFTY 79% - Spot: ₹25144.75 (+0.39%)
INFO:__main__:✅ LIVE Signal: BANKNIFTY 78% - Spot: ₹56165.15 (+0.26%)
INFO:__main__:✅ LIVE Signal: SENSEX 78% - Spot: ₹82036.45 (+0.32%)
INFO:__main__:✅ LIVE Signal: NIFTYIT 84% - Spot: ₹35532.85 (+0.85%)
INFO:__main__:✅ LIVE Signal: MIDCPNIFTY 83% - Spot: ₹13016.45 (+0.82%)
