INFO:__main__:🤖 KITE AUTO SYSTEM STARTED
INFO:__main__:✅ Kite connected: Indarapu Dathatraya Rao
INFO:__main__:🚀 Kite trading started
INFO:__main__:📊 NIFTY: ₹25132.1 (+0.34%) - Momentum: 0.34%
INFO:__main__:📊 BANKNIFTY: ₹56121.8 (+0.18%) - Momentum: 0.18%
INFO:__main__:📊 SENSEX: ₹81985.79 (+0.26%) - Momentum: 0.26%
INFO:__main__:📊 FINNIFTY: ₹26687.4 (+0.12%) - Momentum: 0.12%
INFO:__main__:📊 NIFTYIT: ₹35516.55 (+0.81%) - Momentum: 0.81%
INFO:__main__:📊 MIDCPNIFTY: ₹13016.35 (+0.82%) - Momentum: 0.82%
INFO:__main__:📊 BANKEX: ₹63183.55 (+0.21%) - Momentum: 0.21%
INFO:__main__:✅ LIVE Signal: NIFTY 78% - Spot: ₹25132.1 (+0.34%)
INFO:__main__:✅ LIVE Signal: SENSEX 78% - Spot: ₹81985.79 (+0.26%)
INFO:__main__:✅ LIVE Signal: NIFTYIT 83% - Spot: ₹35516.55 (+0.81%)
INFO:__main__:✅ LIVE Signal: MIDCPNIFTY 83% - Spot: ₹13016.35 (+0.82%)
INFO:__main__:📊 NIFTY: ₹25156.5 (+0.44%) - Momentum: 0.44%
INFO:__main__:📊 BANKNIFTY: ₹56196.25 (+0.32%) - Momentum: 0.32%
INFO:__main__:📊 SENSEX: ₹82098.07 (+0.40%) - Momentum: 0.40%
INFO:__main__:📊 FINNIFTY: ₹26716.55 (+0.23%) - Momentum: 0.23%
INFO:__main__:📊 NIFTYIT: ₹35595.35 (+1.03%) - Momentum: 1.03%
INFO:__main__:📊 MIDCPNIFTY: ₹13020.25 (+0.85%) - Momentum: 0.85%
INFO:__main__:📊 BANKEX: ₹63277.95 (+0.36%) - Momentum: 0.36%
INFO:__main__:✅ LIVE Signal: NIFTY 79% - Spot: ₹25156.5 (+0.44%)
INFO:__main__:✅ LIVE Signal: BANKNIFTY 78% - Spot: ₹56196.25 (+0.32%)
INFO:__main__:✅ LIVE Signal: SENSEX 79% - Spot: ₹82098.07 (+0.40%)
INFO:__main__:✅ LIVE Signal: NIFTYIT 85% - Spot: ₹35595.35 (+1.03%)
INFO:__main__:✅ LIVE Signal: MIDCPNIFTY 84% - Spot: ₹13020.25 (+0.85%)
INFO:__main__:✅ LIVE Signal: BANKEX 79% - Spot: ₹63277.95 (+0.36%)
INFO:__main__:📊 NIFTY: ₹25152.5 (+0.42%) - Momentum: 0.42%
INFO:__main__:📊 BANKNIFTY: ₹56171.3 (+0.27%) - Momentum: 0.27%
INFO:__main__:📊 SENSEX: ₹82061.43 (+0.35%) - Momentum: 0.35%
INFO:__main__:📊 FINNIFTY: ₹26709.4 (+0.20%) - Momentum: 0.20%
INFO:__main__:📊 NIFTYIT: ₹35608.45 (+1.07%) - Momentum: 1.07%
INFO:__main__:📊 MIDCPNIFTY: ₹13018.5 (+0.84%) - Momentum: 0.84%
INFO:__main__:📊 BANKEX: ₹63225.67 (+0.28%) - Momentum: 0.28%
INFO:__main__:✅ LIVE Signal: NIFTY 79% - Spot: ₹25152.5 (+0.42%)
INFO:__main__:✅ LIVE Signal: BANKNIFTY 78% - Spot: ₹56171.3 (+0.27%)
INFO:__main__:✅ LIVE Signal: SENSEX 78% - Spot: ₹82061.43 (+0.35%)
INFO:__main__:✅ LIVE Signal: NIFTYIT 86% - Spot: ₹35608.45 (+1.07%)
INFO:__main__:✅ LIVE Signal: MIDCPNIFTY 83% - Spot: ₹13018.5 (+0.84%)
INFO:__main__:✅ LIVE Signal: BANKEX 78% - Spot: ₹63225.67 (+0.28%)
INFO:__main__:📊 NIFTY: ₹25135.1 (+0.36%) - Momentum: 0.36%
INFO:__main__:📊 BANKNIFTY: ₹56097.25 (+0.14%) - Momentum: 0.14%
INFO:__main__:📊 SENSEX: ₹81988.22 (+0.26%) - Momentum: 0.26%
INFO:__main__:📊 FINNIFTY: ₹26685.6 (+0.11%) - Momentum: 0.11%
INFO:__main__:📊 NIFTYIT: ₹35610.2 (+1.07%) - Momentum: 1.07%
INFO:__main__:📊 MIDCPNIFTY: ₹13016.35 (+0.82%) - Momentum: 0.82%
INFO:__main__:📊 BANKEX: ₹63146.59 (+0.15%) - Momentum: 0.15%
INFO:__main__:✅ LIVE Signal: NIFTY 79% - Spot: ₹25135.1 (+0.36%)
INFO:__main__:✅ LIVE Signal: SENSEX 78% - Spot: ₹81988.22 (+0.26%)
INFO:__main__:✅ LIVE Signal: NIFTYIT 86% - Spot: ₹35610.2 (+1.07%)
INFO:__main__:✅ LIVE Signal: MIDCPNIFTY 83% - Spot: ₹13016.35 (+0.82%)
INFO:__main__:📊 NIFTY: ₹25165.75 (+0.48%) - Momentum: 0.48%
INFO:__main__:📊 BANKNIFTY: ₹56169.3 (+0.27%) - Momentum: 0.27%
INFO:__main__:📊 SENSEX: ₹82118.25 (+0.42%) - Momentum: 0.42%
INFO:__main__:📊 FINNIFTY: ₹26707.95 (+0.19%) - Momentum: 0.19%
INFO:__main__:📊 NIFTYIT: ₹35630.85 (+1.13%) - Momentum: 1.13%
INFO:__main__:📊 MIDCPNIFTY: ₹13022.3 (+0.86%) - Momentum: 0.86%
INFO:__main__:📊 BANKEX: ₹63235.21 (+0.29%) - Momentum: 0.29%
INFO:__main__:✅ LIVE Signal: NIFTY 80% - Spot: ₹25165.75 (+0.48%)
INFO:__main__:✅ LIVE Signal: BANKNIFTY 78% - Spot: ₹56169.3 (+0.27%)
INFO:__main__:📊 NIFTY: ₹25187.1 (+0.56%) - Momentum: 0.56%
INFO:__main__:📊 BANKNIFTY: ₹56194.25 (+0.31%) - Momentum: 0.31%
INFO:__main__:📊 SENSEX: ₹82183.17 (+0.50%) - Momentum: 0.50%
INFO:__main__:📊 FINNIFTY: ₹26725.95 (+0.26%) - Momentum: 0.26%
INFO:__main__:📊 NIFTYIT: ₹35632.1 (+1.14%) - Momentum: 1.14%
INFO:__main__:📊 MIDCPNIFTY: ₹13035.9 (+0.97%) - Momentum: 0.97%
INFO:__main__:📊 BANKEX: ₹63260.84 (+0.33%) - Momentum: 0.33%
INFO:__main__:✅ LIVE Signal: NIFTY 81% - Spot: ₹25187.1 (+0.56%)
INFO:__main__:✅ LIVE Signal: BANKNIFTY 78% - Spot: ₹56194.25 (+0.31%)
INFO:__main__:✅ LIVE Signal: SENSEX 80% - Spot: ₹82183.17 (+0.50%)
INFO:__main__:✅ LIVE Signal: FINNIFTY 78% - Spot: ₹26725.95 (+0.26%)
INFO:__main__:✅ LIVE Signal: NIFTYIT 86% - Spot: ₹35632.1 (+1.14%)
INFO:__main__:✅ LIVE Signal: MIDCPNIFTY 85% - Spot: ₹13035.9 (+0.97%)
INFO:__main__:✅ LIVE Signal: BANKEX 78% - Spot: ₹63260.84 (+0.33%)
INFO:__main__:🛑 Kite trading stopped
