INFO:__main__:🤖 KITE AUTO SYSTEM STARTED
INFO:__main__:✅ Kite connected: Indarapu Dathatraya Rao
INFO:__main__:🚀 Kite trading started
INFO:__main__:📊 NIFTY: ₹25152.9 (+0.43%) - Momentum: 0.43%
INFO:__main__:📊 BANKNIFTY: ₹56214.55 (+0.35%) - Momentum: 0.35%
INFO:__main__:📊 SENSEX: ₹82072.78 (+0.37%) - Momentum: 0.37%
INFO:__main__:📊 FINNIFTY: ₹26715.15 (+0.22%) - Momentum: 0.22%
INFO:__main__:📊 NIFTYIT: ₹35459.35 (+0.64%) - Momentum: 0.64%
INFO:__main__:📊 MIDCPNIFTY: ₹13003.5 (+0.72%) - Momentum: 0.72%
INFO:__main__:📊 BANKEX: ₹63279.85 (+0.36%) - Momentum: 0.36%
INFO:__main__:✅ LIVE Signal: NIFTY 79% - Spot: ₹25152.9 (+0.43%)
INFO:__main__:✅ LIVE Signal: BANKNIFTY 78% - Spot: ₹56214.55 (+0.35%)
INFO:__main__:✅ LIVE Signal: SENSEX 79% - Spot: ₹82072.78 (+0.37%)
INFO:__main__:✅ LIVE Signal: NIFTYIT 81% - Spot: ₹35459.35 (+0.64%)
INFO:__main__:✅ LIVE Signal: MIDCPNIFTY 82% - Spot: ₹13003.5 (+0.72%)
INFO:__main__:✅ LIVE Signal: BANKEX 79% - Spot: ₹63279.85 (+0.36%)
INFO:__main__:📊 NIFTY: ₹25142.4 (+0.38%) - Momentum: 0.38%
INFO:__main__:📊 BANKNIFTY: ₹56188.25 (+0.30%) - Momentum: 0.30%
INFO:__main__:📊 SENSEX: ₹82029.14 (+0.31%) - Momentum: 0.31%
INFO:__main__:📊 FINNIFTY: ₹26702.75 (+0.17%) - Momentum: 0.17%
INFO:__main__:📊 NIFTYIT: ₹35446.55 (+0.61%) - Momentum: 0.61%
INFO:__main__:📊 MIDCPNIFTY: ₹12997.7 (+0.67%) - Momentum: 0.67%
INFO:__main__:📊 BANKEX: ₹63239.76 (+0.30%) - Momentum: 0.30%
INFO:__main__:✅ LIVE Signal: NIFTY 79% - Spot: ₹25142.4 (+0.38%)
INFO:__main__:✅ LIVE Signal: BANKNIFTY 78% - Spot: ₹56188.25 (+0.30%)
INFO:__main__:✅ LIVE Signal: SENSEX 78% - Spot: ₹82029.14 (+0.31%)
INFO:__main__:✅ LIVE Signal: NIFTYIT 81% - Spot: ₹35446.55 (+0.61%)
INFO:__main__:✅ LIVE Signal: MIDCPNIFTY 82% - Spot: ₹12997.7 (+0.67%)
INFO:__main__:✅ LIVE Signal: BANKEX 78% - Spot: ₹63239.76 (+0.30%)
INFO:__main__:📊 NIFTY: ₹25140.3 (+0.38%) - Momentum: 0.38%
INFO:__main__:📊 BANKNIFTY: ₹56166.15 (+0.26%) - Momentum: 0.26%
INFO:__main__:📊 SENSEX: ₹82016.67 (+0.30%) - Momentum: 0.30%
INFO:__main__:📊 FINNIFTY: ₹26704.4 (+0.18%) - Momentum: 0.18%
INFO:__main__:📊 NIFTYIT: ₹35473.1 (+0.68%) - Momentum: 0.68%
INFO:__main__:📊 MIDCPNIFTY: ₹13012.2 (+0.79%) - Momentum: 0.79%
INFO:__main__:📊 BANKEX: ₹63208.76 (+0.25%) - Momentum: 0.25%
INFO:__main__:✅ LIVE Signal: NIFTY 79% - Spot: ₹25140.3 (+0.38%)
INFO:__main__:✅ LIVE Signal: BANKNIFTY 78% - Spot: ₹56166.15 (+0.26%)
INFO:__main__:✅ LIVE Signal: SENSEX 78% - Spot: ₹82016.67 (+0.30%)
INFO:__main__:✅ LIVE Signal: NIFTYIT 82% - Spot: ₹35473.1 (+0.68%)
INFO:__main__:✅ LIVE Signal: MIDCPNIFTY 83% - Spot: ₹13012.2 (+0.79%)
INFO:__main__:📊 NIFTY: ₹25152.95 (+0.43%) - Momentum: 0.43%
INFO:__main__:📊 BANKNIFTY: ₹56193.2 (+0.31%) - Momentum: 0.31%
INFO:__main__:📊 SENSEX: ₹82067.97 (+0.36%) - Momentum: 0.36%
INFO:__main__:📊 FINNIFTY: ₹26722.8 (+0.25%) - Momentum: 0.25%
INFO:__main__:📊 NIFTYIT: ₹35508 (+0.78%) - Momentum: 0.78%
INFO:__main__:📊 MIDCPNIFTY: ₹13015 (+0.81%) - Momentum: 0.81%
INFO:__main__:📊 BANKEX: ₹63262.21 (+0.33%) - Momentum: 0.33%
INFO:__main__:✅ LIVE Signal: NIFTY 79% - Spot: ₹25152.95 (+0.43%)
INFO:__main__:✅ LIVE Signal: BANKNIFTY 78% - Spot: ₹56193.2 (+0.31%)
INFO:__main__:✅ LIVE Signal: SENSEX 79% - Spot: ₹82067.97 (+0.36%)
INFO:__main__:✅ LIVE Signal: NIFTYIT 83% - Spot: ₹35508 (+0.78%)
INFO:__main__:✅ LIVE Signal: MIDCPNIFTY 83% - Spot: ₹13015 (+0.81%)
INFO:__main__:✅ LIVE Signal: BANKEX 78% - Spot: ₹63262.21 (+0.33%)
INFO:__main__:📊 NIFTY: ₹25147.3 (+0.40%) - Momentum: 0.40%
INFO:__main__:📊 BANKNIFTY: ₹56161 (+0.25%) - Momentum: 0.25%
INFO:__main__:📊 SENSEX: ₹82045.03 (+0.33%) - Momentum: 0.33%
INFO:__main__:📊 FINNIFTY: ₹26705.2 (+0.18%) - Momentum: 0.18%
INFO:__main__:📊 NIFTYIT: ₹35599 (+1.04%) - Momentum: 1.04%
INFO:__main__:📊 MIDCPNIFTY: ₹13008 (+0.75%) - Momentum: 0.75%
INFO:__main__:📊 BANKEX: ₹63227 (+0.28%) - Momentum: 0.28%
INFO:__main__:✅ LIVE Signal: NIFTY 79% - Spot: ₹25147.3 (+0.40%)
INFO:__main__:✅ LIVE Signal: SENSEX 78% - Spot: ₹82045.03 (+0.33%)
INFO:__main__:✅ LIVE Signal: NIFTYIT 85% - Spot: ₹35599 (+1.04%)
INFO:__main__:✅ LIVE Signal: MIDCPNIFTY 82% - Spot: ₹13008 (+0.75%)
INFO:__main__:✅ LIVE Signal: BANKEX 78% - Spot: ₹63227 (+0.28%)
INFO:__main__:📊 NIFTY: ₹25136.05 (+0.36%) - Momentum: 0.36%
INFO:__main__:📊 BANKNIFTY: ₹56121.3 (+0.18%) - Momentum: 0.18%
INFO:__main__:📊 SENSEX: ₹82004.82 (+0.28%) - Momentum: 0.28%
INFO:__main__:📊 FINNIFTY: ₹26682.6 (+0.10%) - Momentum: 0.10%
INFO:__main__:📊 NIFTYIT: ₹35632.7 (+1.14%) - Momentum: 1.14%
INFO:__main__:📊 MIDCPNIFTY: ₹13003.45 (+0.72%) - Momentum: 0.72%
INFO:__main__:📊 BANKEX: ₹63179.79 (+0.20%) - Momentum: 0.20%
INFO:__main__:✅ LIVE Signal: NIFTY 79% - Spot: ₹25136.05 (+0.36%)
INFO:__main__:✅ LIVE Signal: SENSEX 78% - Spot: ₹82004.82 (+0.28%)
INFO:__main__:✅ LIVE Signal: NIFTYIT 86% - Spot: ₹35632.7 (+1.14%)
INFO:__main__:✅ LIVE Signal: MIDCPNIFTY 82% - Spot: ₹13003.45 (+0.72%)
INFO:__main__:📊 NIFTY: ₹25145.05 (+0.39%) - Momentum: 0.39%
INFO:__main__:📊 BANKNIFTY: ₹56121.7 (+0.18%) - Momentum: 0.18%
INFO:__main__:📊 SENSEX: ₹82019.15 (+0.30%) - Momentum: 0.30%
INFO:__main__:📊 FINNIFTY: ₹26698.25 (+0.16%) - Momentum: 0.16%
INFO:__main__:📊 NIFTYIT: ₹35617.25 (+1.09%) - Momentum: 1.09%
INFO:__main__:📊 MIDCPNIFTY: ₹13013.95 (+0.80%) - Momentum: 0.80%
INFO:__main__:📊 BANKEX: ₹63183.53 (+0.21%) - Momentum: 0.21%
INFO:__main__:✅ LIVE Signal: NIFTY 79% - Spot: ₹25145.05 (+0.39%)
INFO:__main__:✅ LIVE Signal: SENSEX 78% - Spot: ₹82019.15 (+0.30%)
INFO:__main__:✅ LIVE Signal: NIFTYIT 86% - Spot: ₹35617.25 (+1.09%)
INFO:__main__:✅ LIVE Signal: MIDCPNIFTY 83% - Spot: ₹13013.95 (+0.80%)
INFO:__main__:📊 NIFTY: ₹25131.35 (+0.34%) - Momentum: 0.34%
INFO:__main__:📊 BANKNIFTY: ₹56076 (+0.10%) - Momentum: 0.10%
INFO:__main__:📊 SENSEX: ₹81984.27 (+0.26%) - Momentum: 0.26%
INFO:__main__:📊 FINNIFTY: ₹26680.3 (+0.09%) - Momentum: 0.09%
INFO:__main__:📊 NIFTYIT: ₹35516.95 (+0.81%) - Momentum: 0.81%
INFO:__main__:📊 MIDCPNIFTY: ₹13007.9 (+0.75%) - Momentum: 0.75%
INFO:__main__:📊 BANKEX: ₹63130.69 (+0.13%) - Momentum: 0.13%
INFO:__main__:✅ LIVE Signal: NIFTY 78% - Spot: ₹25131.35 (+0.34%)
INFO:__main__:✅ LIVE Signal: SENSEX 78% - Spot: ₹81984.27 (+0.26%)
INFO:__main__:✅ LIVE Signal: NIFTYIT 83% - Spot: ₹35516.95 (+0.81%)
INFO:__main__:📊 NIFTY: ₹25132.45 (+0.34%) - Momentum: 0.34%
INFO:__main__:📊 BANKNIFTY: ₹56109.25 (+0.16%) - Momentum: 0.16%
INFO:__main__:📊 SENSEX: ₹81988.99 (+0.26%) - Momentum: 0.26%
INFO:__main__:📊 FINNIFTY: ₹26696.95 (+0.15%) - Momentum: 0.15%
INFO:__main__:📊 NIFTYIT: ₹35501.2 (+0.76%) - Momentum: 0.76%
INFO:__main__:📊 MIDCPNIFTY: ₹13006.2 (+0.74%) - Momentum: 0.74%
INFO:__main__:📊 BANKEX: ₹63158.05 (+0.17%) - Momentum: 0.17%
INFO:__main__:✅ LIVE Signal: NIFTY 78% - Spot: ₹25132.45 (+0.34%)
INFO:__main__:✅ LIVE Signal: SENSEX 78% - Spot: ₹81988.99 (+0.26%)
INFO:__main__:📊 NIFTY: ₹25147.25 (+0.40%) - Momentum: 0.40%
INFO:__main__:📊 BANKNIFTY: ₹56162.8 (+0.26%) - Momentum: 0.26%
INFO:__main__:📊 SENSEX: ₹82050.08 (+0.34%) - Momentum: 0.34%
INFO:__main__:📊 FINNIFTY: ₹26713.15 (+0.21%) - Momentum: 0.21%
INFO:__main__:📊 NIFTYIT: ₹35520.65 (+0.82%) - Momentum: 0.82%
INFO:__main__:📊 MIDCPNIFTY: ₹13010.2 (+0.77%) - Momentum: 0.77%
INFO:__main__:📊 BANKEX: ₹63213.89 (+0.26%) - Momentum: 0.26%
INFO:__main__:📊 Checked 6 instruments - No qualifying signals (need >70% confidence)
INFO:__main__:📊 NIFTY: ₹25166.35 (+0.48%) - Momentum: 0.48%
INFO:__main__:📊 BANKNIFTY: ₹56194.55 (+0.31%) - Momentum: 0.31%
INFO:__main__:📊 SENSEX: ₹82098.94 (+0.40%) - Momentum: 0.40%
INFO:__main__:📊 FINNIFTY: ₹26723.05 (+0.25%) - Momentum: 0.25%
INFO:__main__:📊 NIFTYIT: ₹35536.15 (+0.86%) - Momentum: 0.86%
INFO:__main__:📊 MIDCPNIFTY: ₹13013 (+0.79%) - Momentum: 0.79%
INFO:__main__:📊 BANKEX: ₹63249.31 (+0.31%) - Momentum: 0.31%
INFO:__main__:✅ LIVE Signal: NIFTY 80% - Spot: ₹25166.35 (+0.48%)
INFO:__main__:✅ LIVE Signal: BANKNIFTY 78% - Spot: ₹56194.55 (+0.31%)
INFO:__main__:✅ LIVE Signal: SENSEX 79% - Spot: ₹82098.94 (+0.40%)
INFO:__main__:✅ LIVE Signal: NIFTYIT 84% - Spot: ₹35536.15 (+0.86%)
INFO:__main__:✅ LIVE Signal: MIDCPNIFTY 83% - Spot: ₹13013 (+0.79%)
INFO:__main__:✅ LIVE Signal: BANKEX 78% - Spot: ₹63249.31 (+0.31%)
INFO:__main__:📊 NIFTY: ₹25167.45 (+0.48%) - Momentum: 0.48%
INFO:__main__:📊 BANKNIFTY: ₹56238.3 (+0.39%) - Momentum: 0.39%
INFO:__main__:📊 SENSEX: ₹82114.72 (+0.42%) - Momentum: 0.42%
INFO:__main__:📊 FINNIFTY: ₹26737 (+0.30%) - Momentum: 0.30%
INFO:__main__:📊 NIFTYIT: ₹35526.7 (+0.84%) - Momentum: 0.84%
INFO:__main__:📊 MIDCPNIFTY: ₹13013 (+0.79%) - Momentum: 0.79%
INFO:__main__:📊 BANKEX: ₹63305.1 (+0.40%) - Momentum: 0.40%
INFO:__main__:✅ LIVE Signal: NIFTY 80% - Spot: ₹25167.45 (+0.48%)
INFO:__main__:✅ LIVE Signal: BANKNIFTY 79% - Spot: ₹56238.3 (+0.39%)
INFO:__main__:✅ LIVE Signal: SENSEX 79% - Spot: ₹82114.72 (+0.42%)
INFO:__main__:✅ LIVE Signal: FINNIFTY 78% - Spot: ₹26737 (+0.30%)
INFO:__main__:📊 NIFTY: ₹25131.7 (+0.34%) - Momentum: 0.34%
INFO:__main__:📊 BANKNIFTY: ₹56151.2 (+0.24%) - Momentum: 0.24%
INFO:__main__:📊 SENSEX: ₹82003.03 (+0.28%) - Momentum: 0.28%
INFO:__main__:📊 FINNIFTY: ₹26699.85 (+0.16%) - Momentum: 0.16%
INFO:__main__:📊 NIFTYIT: ₹35486.65 (+0.72%) - Momentum: 0.72%
INFO:__main__:📊 MIDCPNIFTY: ₹13009.9 (+0.77%) - Momentum: 0.77%
INFO:__main__:📊 BANKEX: ₹63211.06 (+0.25%) - Momentum: 0.25%
INFO:__main__:✅ LIVE Signal: NIFTY 78% - Spot: ₹25131.7 (+0.34%)
INFO:__main__:✅ LIVE Signal: SENSEX 78% - Spot: ₹82003.03 (+0.28%)
INFO:__main__:✅ LIVE Signal: NIFTYIT 82% - Spot: ₹35486.65 (+0.72%)
INFO:__main__:✅ LIVE Signal: MIDCPNIFTY 83% - Spot: ₹13009.9 (+0.77%)
INFO:__main__:📊 NIFTY: ₹25145.9 (+0.40%) - Momentum: 0.40%
INFO:__main__:📊 BANKNIFTY: ₹56149.5 (+0.23%) - Momentum: 0.23%
INFO:__main__:📊 SENSEX: ₹82036.03 (+0.32%) - Momentum: 0.32%
INFO:__main__:📊 FINNIFTY: ₹26697.5 (+0.15%) - Momentum: 0.15%
INFO:__main__:📊 NIFTYIT: ₹35532.85 (+0.85%) - Momentum: 0.85%
INFO:__main__:📊 MIDCPNIFTY: ₹13016.45 (+0.82%) - Momentum: 0.82%
INFO:__main__:📊 BANKEX: ₹63213.83 (+0.26%) - Momentum: 0.26%
INFO:__main__:✅ LIVE Signal: NIFTY 79% - Spot: ₹25145.9 (+0.40%)
INFO:__main__:✅ LIVE Signal: SENSEX 78% - Spot: ₹82036.03 (+0.32%)
INFO:__main__:✅ LIVE Signal: NIFTYIT 84% - Spot: ₹35532.85 (+0.85%)
INFO:__main__:✅ LIVE Signal: MIDCPNIFTY 83% - Spot: ₹13016.45 (+0.82%)
INFO:__main__:✅ LIVE Signal: BANKEX 78% - Spot: ₹63213.83 (+0.26%)
