INFO:__main__:ðŸ¤– KITE AUTO SYSTEM STARTED
INFO:__main__:âœ… Kite connected: Indarapu Dathatraya Rao
INFO:__main__:ðŸš€ Kite trading started
INFO:__main__:ðŸ“Š NIFTY: â‚¹25143.45 (+0.39%) - Momentum: 0.39%
INFO:__main__:ðŸ“Š BANKNIFTY: â‚¹56158.45 (+0.25%) - Momentum: 0.25%
INFO:__main__:ðŸ“Š SENSEX: â‚¹82027.07 (+0.31%) - Momentum: 0.31%
INFO:__main__:ðŸ“Š FINNIFTY: â‚¹26704.65 (+0.18%) - Momentum: 0.18%
INFO:__main__:ðŸ“Š NIFTYIT: â‚¹35515.9 (+0.81%) - Momentum: 0.81%
INFO:__main__:ðŸ“Š MIDCPNIFTY: â‚¹13020.85 (+0.85%) - Momentum: 0.85%
INFO:__main__:ðŸ“Š BANKEX: â‚¹63213.89 (+0.26%) - Momentum: 0.26%
INFO:__main__:âœ… LIVE Signal: NIFTY 79% - Spot: â‚¹25143.45 (+0.39%)
INFO:__main__:âœ… LIVE Signal: SENSEX 78% - Spot: â‚¹82027.07 (+0.31%)
INFO:__main__:âœ… LIVE Signal: NIFTYIT 83% - Spot: â‚¹35515.9 (+0.81%)
IINFO:__main__:ðŸ“Š NIFTY: â‚¹25139.95 (+0.37%) - Momentum: 0.37%
INFO:__main__:ðŸ“Š BANKNIFTY: â‚¹56148.25 (+0.23%) - Momentum: 0.23%
INFO:__mainINFO:__main__:ðŸ“Š NIFTY: â‚¹25157.7 (+0.45%) - Momentum: 0.45%
INFO:__main__:ðŸ“Š BANKNIFTY: â‚¹56188.2 (+0.30%) - Momentum: 0.30%
INFO:__main__:ðŸ“Š SENSEX: â‚¹82086.77 (+0.38%) - Momentum: 0.38%
INFO:__main__:ðŸ“Š FINNIFTY: â‚¹26717.05 (+0.23%) - Momentum: 0.23%
INFO:__main__:ðŸ“Š NIFTYIT: â‚¹35609.05 (+1.07%) - Momentum: 1.07%
INFO:__main__:ðŸ“Š MIDCPNIFTY: â‚¹13024.95 (+0.89%) - Momentum: 0.89%
INFO:__main__:ðŸ“Š BANKEX: â‚¹63256.03 (+0.32%) - Momentum: 0.32%
INFO:__main__:âœ… LIVE Signal: NIFTY 80% - Spot: â‚¹25157.7 (+0.45%)
INFO:__main__:âœ… LIVE Signal: BANKNIFTY 78% - Spot: â‚¹56188.2 (+0.30%)INFO:__main__:ðŸ“Š NIFTY: â‚¹25157.85 (+0.45%) - Momentum: 0.45%
INFO:__main__:ðŸ“Š BANKNIFTY: â‚¹56148.35 (+0.23%) - Momentum: 0.23%
INFO:__main__:ðŸ“Š SENSEX: â‚¹82081.15 (+0.38%) - Momentum: 0.38%
INFO:__main__:ðŸ“Š FINNIFTY: â‚¹26706.35 (+0.19%) - Momentum: 0.19%
INFO:__main__:ðŸ“Š NIFINFO:__main__:ðŸ“Š NIFTY: â‚¹25160.05 (+0.45%) - Momentum: 0.45%
INFO:__main__:ðŸ“Š BANKNIFTY: â‚¹56162.9 (+0.26%) - Momentum: 0.26%
INFO:__main__:ðŸ“Š SENSEX: â‚¹82076.19 (+0.37%) - Momentum: 0.37%
INFO:__main__:ðŸ“Š FINNIFTY: â‚¹26705.5 (+0.18%) - Momentum: 0.18%
INFO:__main__:ðŸ“Š NIFTYIT: â‚¹35611.5 (+1.08%) - Momentum: 1.08%
INFO:__main__:ðŸ“Š MIDCPNIFTY: â‚¹13020.4 (+0.85%) - Momentum: 0.85%
INFO:__main__:ðŸ“Š BANKEX: â‚¹63235.84 (+0.29%) - Momentum: 0.INFO:__main__:ðŸ“Š NIFTY: â‚¹25183.05 (+0.55%) - Momentum: 0.55%
INFO:__main__:ðŸ“Š BANKNIFTY: â‚¹56191.05 (+0.31%) - Momentum: 0.31%
INFO:__main__:ðŸ“Š SENSEX: â‚¹82181.25 (+0.50%) - Momentum: 0.50%
INFO:__main__:ðŸ“Š FINNIFTY: â‚¹26723.2 (+0.25%) - Momentum: 0.25%
INFO:__main__:ðŸ“Š NIFINFO:__main__:ðŸ“Š NIFTY: â‚¹25182.8 (+0.55%) - Momentum: 0.55%
INFO:__main__:ðŸ“Š BANKNIFTY: â‚¹56191.05 (+0.31%) - Momentum: 0.31%
INFO:__main__:ðŸ“Š SENSEX: â‚¹82176.6 (+0.49%) - Momentum: 0.49%
INFO:__main__:ðŸ“Š FINNIFTY: â‚¹26723.9 (+0.25%) - MINFO:__main__:âœ… LIVE Signal: BANKNIFTY 78% - Spot: â‚¹56191.05 (+0.31%)
INFO:__main__:ðŸ›‘ Kite trading stopped
‚¹13033.1 (+0.95%) - Momentum: 0.95%
INFO:__main__:ðŸ“Š BANKEX: â‚¹63250.7 (+0.32%) - Momentum: 0.32%
INFO:__main__:âœ… LIVE Signal: NIFTY 80% - Spot: â‚¹25182.8 (+0.55%)
INFO:__main__:âœ… LIVE Signal: BANKNIFTY 78% - Spot: â‚¹56191.05 (+0.31%)
INFO:__main__:ðŸ›‘ Kite trading stopped
