INFO:__main__:ðŸ¤– KITE AUTO SYSTEM STARTED
INFO:__main__:âœ… Kite connected: Indarapu Dathatraya Rao
INFO:__main__:ðŸš€ Kite trading started
INFO:__main__:ðŸ“Š NIFTY: â‚¹25139.1 (+0.37%) - Momentum: 0.37%
INFO:__main__:ðŸ“Š BANKNIFTY: â‚¹56133.4 (+0.21%) - Momentum: 0.21%
INFO:__main__:ðŸ“Š SENSEX: â‚¹82034.83 (+0.32%) - Momentum: 0.32%
INFO:__main__:ðŸ“Š FINNIFTY: â‚¹26691.85 (+0.13%) - Momentum: 0.13%
INFO:__main__:ðŸ“Š NIFTYIT: â‚¹35625.65 (+1.12%) - Momentum: 1.12%
INFO:__main__:ðŸ“Š MIDCPNIFTY: â‚¹13001.45 (+0.70%) - Momentum: 0.70%
INFO:__main__:ðŸ“Š BANKEX: â‚¹63215.52 (+0.26%) - Momentum: 0.26%
INFO:__main__:âœ… LIVE Signal: NIFTY 79% - Spot: â‚¹25139.1 (+0.37%)
INFO:__main__:âœ… LIVE Signal: SENSEX 78% - Spot: â‚¹82034.83 (+0.32%)
INFO:__main__:âœ… LIVE Signal: NIFTYIT 86% - Spot: â‚¹35625.65 (+1.12%)
INFO:__main__:âœ… LIVE Signal: MIDCPNIFTY 82% - Spot: â‚¹13001.45 (+0.7INFO:__main__:ðŸ“Š NIFTY: â‚¹25139.6 (+0.37%) - Momentum: 0.37%
INFO:__mainINFO:__main__:ðŸ“Š NIFTY: â‚¹25144.95 (+0.39%) - Momentum: 0.39%
INFO:__main__:ðŸ“Š BANKNIFTY: â‚¹56141.45 (+0.22%) - Momentum: 0.22%
INFO:__main__:ðŸ“Š SENSEX: â‚¹82019.41 (+0.30%) - Momentum: 0.30%
INFO:__main__:ðŸ“Š FINNIFTY: â‚¹26692.95 (+0.14%) - Momentum: 0.14%
INFO:__main__:ðŸ“Š NIFTYIT: â‚¹35635.75 (+1.15%) - Momentum: 1.15%
INFO:__main__:ðŸ“Š MIDCPNIFTY: â‚¹13006.55 (+0.74%) - Momentum: 0.74%
INFO:__main__:ðŸ“Š BANKEX: â‚¹63194.81 (+0.23%) - Momentum: 0.23%
INFO:__main__:âœ… LIVE Signal: NIFTY 79% - Spot: â‚¹25144.95 (+0.39%)
INFO:__main__:âœ… LIVE Signal: SENSEX 78% - Spot: â‚¹82019.41 (+0.30%)
INFO:__main__:âœ… LIVE Signal: NIFTYIT 86% - Spot: â‚¹35635.75 (+1INFO:__main__:ðŸ“Š NIFTY: â‚¹25143.9 (+0.39%) - Momentum: 0.39%
INFO:__main__:ðŸ“INFO:__main__:ðŸ“Š NIFTY: â‚¹25131.1 (+0.34%) - Momentum: 0.34%
INFO:__main__:ðŸ“Š BANKNIFTY: â‚¹56070.75 (+0.09%) - Momentum: 0.09%
INFO:__main__:ðŸ“Š SENSEX: â‚¹81977.17 (+0.25%) - Momentum: 0.25%
INFO:__main__:ðŸ“Š FINNIFTY: â‚¹26682.3 (+0.10%) - Momentum: 0.10%
INFO:__main__:ðŸ“Š NIFTYIT: â‚¹35520 (+0.82%) - Momentum: 0.82%
INFO:__main__:ðŸ“Š MIDCPNIFTY: â‚¹13009.1 (+0.76%) - Momentum: 0.76%
INFO:__main__:ðŸ“Š BANKEX: â‚¹63116.58 (+0.10%) - Momentum: 0.10%
INFO:__main__:âœ… LIVE Signal: NIFTY 78% - Spot: â‚¹25131.1 (+0.34%)
INFO:__main__:âœ… LIVE Signal: NIFTYIT 83% - Spot: â‚¹35520 (+0.82%)
INFO:__main__:âœ… LIVE Signal: MIDCPNIFTY 83% - Spot: â‚¹13009.1 (+0.76%)
INFO:__main__:ðŸ“Š NIFTY: â‚¹25138.3 (+0.37%) - Momentum: 0.37%
INFO:__main__:ðŸ“Š BANKNIFTY: â‚¹56122.95 (+0.19%) - Momentum: 0.19%
INFO:__main__:ðŸ“Š SENSEX: â‚¹81996.11 (+0.27%) - Momentum: 0.27%
INFO:__main__:ðŸ“Š FINNIFTY: â‚¹26692.95 (+0.14%) - Momentum: 0.14%
INFO:__main__:ðŸ“Š NIFTYIT: â‚¹35503.45 (+0.77%) - Momentum: 0.77%
INFO:__main__:ðŸ“Š MIDCPNIFTY: â‚¹13007.05 (+0.75%) - Momentum: 0.75%
INFO:__main__:ðŸ“Š BANKEX: â‚¹63164.03 (+0.18%) - Momentum: 0.18%
INFO:__main__:âœ… LIVE Signal: NIFTY 79% - Spot: â‚¹25138.3 (+0.37%)
INFO:__main__:âœ… LIVE Signal: SENSEX 78% - Spot: â‚¹81996.11 (+0.27%)
INFO:__main__:âœ… LIVE Signal: NIFTYIT 83% - Spot: â‚¹35503.45 (+0.77%)
INFO:__main__:âœ… LIVE Signal: MIDCPNIFTY 82% - Spot: â‚¹13007.05 (+0.75%)
INFO:__main__:ðŸ“Š NIFTY: â‚¹25148.1 (+0.41%) - Momentum: 0.41%
INFO:__main__:ðŸ“Š BANKNIFTY: â‚¹56162.25 (+0.26%) - Momentum: 0.26%
INFO:__main__:ðŸ“Š SENSEX: â‚¹82050.82 (+0.34%) - Momentum: 0.34%
INFO:__main__:ðŸ“Š FINNIFTY: â‚¹26712.9 (+0.21%) - Momentum: 0.21%
INFO:__main__:ðŸ“Š NIFTYIT: â‚¹35527.55 (+0.84%) - Momentum: 0.84%
INFO:__main__:ðŸ“Š MIDCPNIFTY: â‚¹13010.25 (+0.77%) - Momentum: 0.77%
INFO:__main__:ðŸ“Š BANKEX: â‚¹63214.71 (+0.26%) - Momentum: 0.26%
INFO:__main__:âœ… LIVE Signal: NIFTY 79% - Spot: â‚¹25148.1 (+0.41%)
INFO:__main__:âœ… LIVE Signal: BANKNIFTY 78% - Spot: â‚¹56162.25 (+0.26%)
INFO:__main__:ðŸ“Š NIFTY: â‚¹25166 (+0.48%) - Momentum: 0.48%
INFO:__main__:ðŸ“Š BANKNIFTY: â‚¹56196.15 (+0.32%) - Momentum: 0.32%
INFO:__main__:ðŸ“Š SENSEX: â‚¹82102.57 (+0.40%) - Momentum: 0.40%
INFO:__main__:ðŸ“Š FINNIFTY: â‚¹26725.35 (+0.26%) - Momentum: 0.26%
INFO:__main__:ðŸ“Š NIFTYIT: â‚¹35531 (+0.85%) - Momentum: 0.85%
INFO:__main__:ðŸ“Š MIDCPNIFTY: â‚¹13012.75 (+0.79%) - Momentum: 0.79%
INFO:__main__:ðŸ“Š BANKEX: â‚¹63256.47 (+0.33%) - Momentum: 0.33%
INFO:__main__:âœ… LIVE Signal: NIFTY 80% - Spot: â‚¹25166 (+0.48%)
INFO:__main__:âœ… LIVE Signal: BANKNIFTY 78% - Spot: â‚¹56196.15 (+0.32%)
INFO:__main__:âœ… LIVE Signal: SENSEX 79% - Spot: â‚¹82102.57 (+0.40%)
INFO:__main__:âœ… LIVE Signal: FINNIFTY 78% - Spot: â‚¹26725.35 (+0.26%)
INFO:__main__:âœ… LIVE Signal: NIFTYIT 84% - Spot: â‚¹35531 (+0.85%)
INFO:__main__:âœ… LIVE Signal: MIDCPNIFTY 83% - Spot: â‚¹13012.75 (+0.79%)
INFO:__main__:âœ… LIVE Signal: BANKEX 78% - Spot: â‚¹63256.47 (+0.33%)
INFO:__main__:ðŸ“Š NIFTY: â‚¹25169.3 (+0.49%) - Momentum: 0.49%
INFO:__main__:ðŸ“Š BANKNIFTY: â‚¹56244.8 (+0.40%) - Momentum: 0.40%
INFO:__main__:ðŸ“Š SENSEX: â‚¹82115.1 (+0.42%) - Momentum: 0.42%
INFO:__main__:ðŸ“Š FINNIFTY: â‚¹26737.2 (+0.30%) - Momentum: 0.30%
INFO:__main__:ðŸ“Š NIFTYIT: â‚¹35528.75 (+0.84%) - Momentum: 0.84%
INFO:__main__:ðŸ“Š MIDCPNIFTY: â‚¹13011.9 (+0.78%) - Momentum: 0.78%
INFO:__main__:ðŸ“Š BANKEX: â‚¹63301.76 (+0.40%) - Momentum: 0.40%
INFO:__main__:âœ… LIVE Signal: NIFTY 80% - Spot: â‚¹25169.3 (+0.49%)
INFO:__main__:âœ… LIVE Signal: BANKNIFTY 79% - Spot: â‚¹56244.8 (+0.40%)
INFO:__main__:ðŸ“Š NIFTY: â‚¹25129.2 (+0.33%) - Momentum: 0.33%
INFO:__main__:ðŸ“Š BANKNIFTY: â‚¹56141.7 (+0.22%) - Momentum: 0.22%
INFO:__main__:ðŸ“Š SENSEX: â‚¹82002.07 (+0.28%) - Momentum: 0.28%
INFO:__main__:ðŸ“Š FINNIFTY: â‚¹26696.1 (+0.15%) - Momentum: 0.15%
INFO:__main__:ðŸ“Š NIFTYIT: â‚¹35488.55 (+0.73%) - Momentum: 0.73%
INFO:__main__:ðŸ“Š MIDCPNIFTY: â‚¹13009.65 (+0.77%) - Momentum: 0.77%
INFO:__main__:ðŸ“Š BANKEX: â‚¹63209.61 (+0.25%) - Momentum: 0.25%
INFO:__main__:âœ… LIVE Signal: NIFTY 78% - Spot: â‚¹25129.2 (+0.33%)
INFO:__main__:âœ… LIVE Signal: SENSEX 78% - Spot: â‚¹82002.07 (+0.28%)
INFO:__main__:âœ… LIVE Signal: NIFTYIT 82% - Spot: â‚¹35488.55 (+0.73%)
INFO:__main__:âœ… LIVE Signal: MIDCPNIFTY 83% - Spot: â‚¹13009.65 (+0.77%)
INFO:__main__:ðŸ“Š NIFTY: â‚¹25145.9 (+0.40%) - Momentum: 0.40%
INFO:__main__:ðŸ“Š BANKNIFTY: â‚¹56149.5 (+0.23%) - Momentum: 0.23%
INFO:__main__:ðŸ“Š SENSEX: â‚¹82036.03 (+0.32%) - Momentum: 0.32%
INFO:__main__:ðŸ“Š FINNIFTY: â‚¹26697.95 (+0.16%) - Momentum: 0.16%
INFO:__main__:ðŸ“Š NIFTYIT: â‚¹35532.85 (+0.85%) - Momentum: 0.85%
INFO:__main__:ðŸ“Š MIDCPNIFTY: â‚¹13016.45 (+0.82%) - Momentum: 0.82%
INFO:__main__:ðŸ“Š BANKEX: â‚¹63213.83 (+0.26%) - Momentum: 0.26%
INFO:__main__:âœ… LIVE Signal: NIFTY 79% - Spot: â‚¹25145.9 (+0.40%)
INFO:__main__:âœ… LIVE Signal: SENSEX 78% - Spot: â‚¹82036.03 (+0.32%)
INFO:__main__:âœ… LIVE Signal: NIFTYIT 84% - Spot: â‚¹35532.85 (+0.85%)
INFO:__main__:âœ… LIVE Signal: MIDCPNIFTY 83% - Spot: â‚¹13016.45 (+0.82%)
INFO:__main__:âœ… LIVE Signal: BANKEX 78% - Spot: â‚¹63213.83 (+0.26%)
main__:ðŸ“Š BANKNIFTY: â‚¹56149.5 (+0.23%) - Momentum: 0.23%
INFO:__main__:ðŸ“Š SENSEX: â‚¹82036.45 (+0.32%) - Momentum: 0.32%
INFO:__main__:ðŸ“Š FINNIFTY: â‚¹26697.95 (+0.16%) - Momentum: 0.16%
INFO:__main__:ðŸ“Š NIFTYIT: â‚¹35532.85 (+0.85%) - Momentum: 0.85%
INFO:__main__:ðŸ“Š MIDCPNIFTY: â‚¹13016.45 (+0.82%) - Momentum: 0.82%
INFO:__main__:ðŸ“Š BANKEX: â‚¹63213.83 (+0.26%) - Momentum: 0.26%
INFO:__main__:âœ… LIVE Signal: NIFTY 79% - Spot: â‚¹25145.9 (+0.40%)
INFO:__main__:âœ… LIVE Signal: SENSEX 78% - Spot: â‚¹82036.45 (+0.32%)
INFO:__main__:âœ… LIVE Signal: NIFTYIT 84% - Spot: â‚¹35532.85 (+0.85%)
INFO:__main__:âœ… LIVE Signal: MIDCPNIFTY 83% - Spot: â‚¹13016.45 (+0.82%)
INFO:__main__:âœ… LIVE Signal: BANKEX 78% - Spot: â‚¹63213.83 (+0.26%)
âœ… LIVE Signal: NIFTY 79% - Spot: â‚¹25145.9 (+0.40%)
INFO:__main__:âœ… LIVE Signal: SENSEX 78% - Spot: â‚¹82036.45 (+0.32%)
INFO:__main__:âœ… LIVE Signal: NIFTYIT 84% - Spot: â‚¹35532.85 (+0.85%)
INFO:__main__:âœ… LIVE Signal: MIDCPNIFTY 83% - Spot: â‚¹13016.45 (+0.82%)
INFO:__main__:âœ… LIVE Signal: BANKEX 78% - Spot: â‚¹63213.83 (+0.26%)
