2025-10-09 10:04:51,896 - INFO - 🚀 STABLE TRADING SYSTEM STARTED
2025-10-09 10:04:54,429 - INFO - ✅ Alert sent successfully
2025-10-09 10:04:54,433 - INFO - Market closed - waiting
2025-10-09 10:05:54,438 - INFO - Market closed - waiting
2025-10-09 10:06:54,442 - INFO - Market closed - waiting
2025-10-09 10:07:54,451 - INFO - Market closed - waiting
2025-10-09 10:08:35,503 - INFO - 🚀 STABLE TRADING SYSTEM STARTED
2025-10-09 10:08:37,741 - INFO - ✅ Alert sent successfully
2025-10-09 10:08:37,751 - INFO - Market closed - waiting
2025-10-09 10:08:54,459 - INFO - Market closed - waiting
2025-10-09 10:09:37,752 - INFO - Market closed - waiting
2025-10-09 10:09:54,463 - INFO - Market closed - waiting
2025-10-09 10:10:37,760 - INFO - Market closed - waiting
2025-10-09 10:10:54,475 - INFO - Market closed - waiting
2025-10-09 10:11:37,773 - INFO - Market closed - waiting
2025-10-09 10:11:53,997 - INFO - 🚀 STABLE TRADING SYSTEM STARTED
2025-10-09 10:11:54,488 - INFO - Market closed - waiting
2025-10-09 10:11:56,266 - INFO - ✅ Notification sent to admin
2025-10-09 10:11:56,269 - INFO - Market closed - waiting
2025-10-09 10:12:37,792 - INFO - Market closed - waiting
2025-10-09 10:12:54,508 - INFO - Market closed - waiting
2025-10-09 10:12:56,289 - INFO - Market closed - waiting
2025-10-09 10:13:37,801 - INFO - Market closed - waiting
2025-10-09 10:13:54,441 - INFO - ✅ Notification sent to admin
2025-10-09 10:13:54,610 - INFO - Market closed - waiting
2025-10-09 10:13:55,304 - INFO - ✅ Notification sent to channel
2025-10-09 10:13:56,297 - INFO - Market closed - waiting
2025-10-09 10:14:37,806 - INFO - Market closed - waiting
2025-10-09 10:14:54,623 - INFO - Market closed - waiting
2025-10-09 10:14:56,307 - INFO - Market closed - waiting
2025-10-09 10:15:37,811 - INFO - Market closed - waiting
2025-10-09 10:15:54,629 - INFO - Market closed - waiting
2025-10-09 10:15:56,312 - INFO - Market closed - waiting
2025-10-09 10:16:37,816 - INFO - Market closed - waiting
2025-10-09 10:16:54,633 - INFO - Market closed - waiting
2025-10-09 10:16:56,318 - INFO - Market closed - waiting
2025-10-09 10:17:37,823 - INFO - Market closed - waiting
2025-10-09 10:17:54,640 - INFO - Market closed - waiting
2025-10-09 10:17:56,325 - INFO - Market closed - waiting
2025-10-09 10:18:37,828 - INFO - Market closed - waiting
2025-10-09 10:18:54,643 - INFO - Market closed - waiting
2025-10-09 10:18:56,331 - INFO - Market closed - waiting
2025-10-09 10:19:37,836 - INFO - Market closed - waiting
2025-10-09 10:19:54,655 - INFO - Market closed - waiting
2025-10-09 10:19:56,337 - INFO - Market closed - waiting
2025-10-09 10:20:37,846 - INFO - Market closed - waiting
2025-10-09 10:20:54,662 - INFO - Market closed - waiting
2025-10-09 10:20:56,344 - INFO - Market closed - waiting
2025-10-09 10:21:37,864 - INFO - Market closed - waiting
2025-10-09 10:21:54,671 - INFO - Market closed - waiting
2025-10-09 10:21:56,352 - INFO - Market closed - waiting
2025-10-09 10:22:37,889 - INFO - Market closed - waiting
2025-10-09 10:22:54,675 - INFO - Market closed - waiting
2025-10-09 10:22:56,356 - INFO - Market closed - waiting
2025-10-09 10:23:05,941 - INFO - 🛑 Shutting down gracefully...
2025-10-09 10:23:05,942 - INFO - 🛑 Shutting down gracefully...
2025-10-09 10:23:05,943 - INFO - 🛑 Shutting down gracefully...
2025-10-09 10:23:07,384 - INFO - ✅ Notification sent to admin
2025-10-09 10:23:07,691 - INFO - ✅ Alert sent successfully
2025-10-09 10:23:09,125 - INFO - 🛑 Shutting down gracefully...
2025-10-09 10:23:10,841 - INFO - ✅ Alert sent successfully
2025-10-09 10:23:11,211 - INFO - 🚀 STABLE TRADING SYSTEM STARTED
2025-10-09 10:23:12,052 - INFO - ✅ Notification sent to admin
2025-10-09 10:23:12,053 - INFO - Market closed - waiting
2025-10-09 10:24:12,059 - INFO - Market closed - waiting
2025-10-09 10:25:12,065 - INFO - Market closed - waiting
2025-10-09 10:26:12,071 - INFO - Market closed - waiting
2025-10-09 10:27:12,080 - INFO - Market closed - waiting
2025-10-09 10:27:57,082 - INFO - 🛑 Shutting down gracefully...
2025-10-09 10:27:57,946 - INFO - ✅ Notification sent to admin
2025-10-09 10:27:59,247 - INFO - 🚀 STABLE TRADING SYSTEM STARTED
2025-10-09 10:28:00,039 - INFO - ✅ Notification sent to admin
2025-10-09 10:28:00,067 - INFO - Market check: 10:28:00 IST - OPEN
2025-10-09 10:28:01,006 - INFO - ✅ Notification sent to channel
2025-10-09 10:28:01,010 - INFO - Signal saved: NIFTY 25000 CE
2025-10-09 10:28:01,011 - INFO - ✅ Signal sent: NIFTY 89%
2025-10-09 10:29:01,022 - INFO - Market check: 10:29:01 IST - OPEN
2025-10-09 10:30:01,030 - INFO - Market check: 10:30:01 IST - OPEN
2025-10-09 10:31:01,043 - INFO - Market check: 10:31:01 IST - OPEN
2025-10-09 10:31:36,201 - INFO - 🛑 Shutting down gracefully...
2025-10-09 10:31:37,246 - INFO - ✅ Notification sent to admin
